This is pdfTeX, Version 3.141592653-2.6-1.40.28 (MiKTeX 25.12) (preloaded format=pdflatex 2026.3.23)  26 APR 2026 03:21
entering extended mode
 restricted \write18 enabled.
 %&-line parsing enabled.
**./physics_conventions_report.tex
(physics_conventions_report.tex
LaTeX2e <2025-11-01>
L3 programming layer <2025-12-24>
(C:\Users\jl82323\AppData\Local\Programs\MiKTeX\tex/latex/base\article.cls
Document Class: article 2025/01/22 v1.4n Standard LaTeX document class
(C:\Users\jl82323\AppData\Local\Programs\MiKTeX\tex/latex/base\size11.clo
File: size11.clo 2025/01/22 v1.4n Standard LaTeX file (size option)
)
\c@part=\count275
\c@section=\count276
\c@subsection=\count277
\c@subsubsection=\count278
\c@paragraph=\count279
\c@subparagraph=\count280
\c@figure=\count281
\c@table=\count282
\abovecaptionskip=\skip49
\belowcaptionskip=\skip50
\bibindent=\dimen148
)
(C:\Users\jl82323\AppData\Local\Programs\MiKTeX\tex/latex/geometry\geometry.sty
Package: geometry 2026/03/07 v6.0 Page Geometry
(C:\Users\jl82323\AppData\Local\Programs\MiKTeX\tex/latex/graphics\keyval.sty
Package: keyval 2022/05/29 v1.15 key=value parser (DPC)
\KV@toks@=\toks17
)
(C:\Users\jl82323\AppData\Local\Programs\MiKTeX\tex/generic/iftex\ifvtex.sty
Package: ifvtex 2019/10/25 v1.7 ifvtex legacy package. Use iftex instead.

(C:\Users\jl82323\AppData\Local\Programs\MiKTeX\tex/generic/iftex\iftex.sty
Package: iftex 2024/12/12 v1.0g TeX engine tests
))
\Gm@cnth=\count283
\Gm@cntv=\count284
\c@Gm@tempcnt=\count285
\Gm@bindingoffset=\dimen149
\Gm@wd@mp=\dimen150
\Gm@odd@mp=\dimen151
\Gm@even@mp=\dimen152
\Gm@layoutwidth=\dimen153
\Gm@layoutheight=\dimen154
\Gm@layouthoffset=\dimen155
\Gm@layoutvoffset=\dimen156
\Gm@dimlist=\toks18

(C:\Users\jl82323\AppData\Local\Programs\MiKTeX\tex/latex/geometry\geometry.cfg
)) (C:\Users\jl82323\AppData\Local\Programs\MiKTeX\tex/latex/base\fontenc.sty
Package: fontenc 2025/07/18 v2.1d Standard LaTeX package
)
(C:\Users\jl82323\AppData\Local\Programs\MiKTeX\tex/latex/base\inputenc.sty
Package: inputenc 2024/02/08 v1.3d Input encoding file
\inpenc@prehook=\toks19
\inpenc@posthook=\toks20
)
(C:\Users\jl82323\AppData\Local\Programs\MiKTeX\tex/latex/amsmath\amsmath.sty
Package: amsmath 2025/07/09 v2.17z AMS math features
\@mathmargin=\skip51

For additional information on amsmath, use the `?' option.
(C:\Users\jl82323\AppData\Local\Programs\MiKTeX\tex/latex/amsmath\amstext.sty
Package: amstext 2024/11/17 v2.01 AMS text

(C:\Users\jl82323\AppData\Local\Programs\MiKTeX\tex/latex/amsmath\amsgen.sty
File: amsgen.sty 1999/11/30 v2.0 generic functions
\@emptytoks=\toks21
\ex@=\dimen157
))
(C:\Users\jl82323\AppData\Local\Programs\MiKTeX\tex/latex/amsmath\amsbsy.sty
Package: amsbsy 1999/11/29 v1.2d Bold Symbols
\pmbraise@=\dimen158
)
(C:\Users\jl82323\AppData\Local\Programs\MiKTeX\tex/latex/amsmath\amsopn.sty
Package: amsopn 2022/04/08 v2.04 operator names
)
\inf@bad=\count286
LaTeX Info: Redefining \frac on input line 233.
\uproot@=\count287
\leftroot@=\count288
LaTeX Info: Redefining \overline on input line 398.
LaTeX Info: Redefining \colon on input line 409.
\classnum@=\count289
\DOTSCASE@=\count290
LaTeX Info: Redefining \ldots on input line 495.
LaTeX Info: Redefining \dots on input line 498.
LaTeX Info: Redefining \cdots on input line 619.
\Mathstrutbox@=\box53
\strutbox@=\box54
LaTeX Info: Redefining \big on input line 721.
LaTeX Info: Redefining \Big on input line 722.
LaTeX Info: Redefining \bigg on input line 723.
LaTeX Info: Redefining \Bigg on input line 724.
\big@size=\dimen159
LaTeX Font Info:    Redeclaring font encoding OML on input line 742.
LaTeX Font Info:    Redeclaring font encoding OMS on input line 743.
\macc@depth=\count291
LaTeX Info: Redefining \bmod on input line 904.
LaTeX Info: Redefining \pmod on input line 909.
LaTeX Info: Redefining \smash on input line 939.
LaTeX Info: Redefining \relbar on input line 969.
LaTeX Info: Redefining \Relbar on input line 970.
\c@MaxMatrixCols=\count292
\dotsspace@=\muskip17
\c@parentequation=\count293
\dspbrk@lvl=\count294
\tag@help=\toks22
\row@=\count295
\column@=\count296
\maxfields@=\count297
\andhelp@=\toks23
\eqnshift@=\dimen160
\alignsep@=\dimen161
\tagshift@=\dimen162
\tagwidth@=\dimen163
\totwidth@=\dimen164
\lineht@=\dimen165
\@envbody=\toks24
\multlinegap=\skip52
\multlinetaggap=\skip53
\mathdisplay@stack=\toks25
LaTeX Info: Redefining \[ on input line 2950.
LaTeX Info: Redefining \] on input line 2951.
)
(C:\Users\jl82323\AppData\Local\Programs\MiKTeX\tex/latex/amsfonts\amssymb.sty
Package: amssymb 2013/01/14 v3.01 AMS font symbols

(C:\Users\jl82323\AppData\Local\Programs\MiKTeX\tex/latex/amsfonts\amsfonts.sty
Package: amsfonts 2013/01/14 v3.01 Basic AMSFonts support
\symAMSa=\mathgroup4
\symAMSb=\mathgroup5
LaTeX Font Info:    Redeclaring math symbol \hbar on input line 98.
LaTeX Font Info:    Overwriting math alphabet `\mathfrak' in version `bold'
(Font)                  U/euf/m/n --> U/euf/b/n on input line 106.
)) (C:\Users\jl82323\AppData\Local\Programs\MiKTeX\tex/latex/tools\array.sty
Package: array 2025/09/25 v2.6n Tabular extension package (FMi)
\col@sep=\dimen166
\ar@mcellbox=\box55
\extrarowheight=\dimen167
\NC@list=\toks26
\extratabsurround=\skip54
\backup@length=\skip55
\ar@cellbox=\box56
)
(C:\Users\jl82323\AppData\Local\Programs\MiKTeX\tex/latex/booktabs\booktabs.sty
Package: booktabs 2020/01/12 v1.61803398 Publication quality tables
\heavyrulewidth=\dimen168
\lightrulewidth=\dimen169
\cmidrulewidth=\dimen170
\belowrulesep=\dimen171
\belowbottomsep=\dimen172
\aboverulesep=\dimen173
\abovetopsep=\dimen174
\cmidrulesep=\dimen175
\cmidrulekern=\dimen176
\defaultaddspace=\dimen177
\@cmidla=\count298
\@cmidlb=\count299
\@aboverulesep=\dimen178
\@belowrulesep=\dimen179
\@thisruleclass=\count300
\@lastruleclass=\count301
\@thisrulewidth=\dimen180
)
(C:\Users\jl82323\AppData\Local\Programs\MiKTeX\tex/latex/hyperref\hyperref.sty
Package: hyperref 2025-07-12 v7.01o Hypertext links for LaTeX

(C:\Users\jl82323\AppData\Local\Programs\MiKTeX\tex/latex/kvsetkeys\kvsetkeys.s
ty
Package: kvsetkeys 2022-10-05 v1.19 Key value parser (HO)
)
(C:\Users\jl82323\AppData\Local\Programs\MiKTeX\tex/generic/kvdefinekeys\kvdefi
nekeys.sty
Package: kvdefinekeys 2019-12-19 v1.6 Define keys (HO)
)
(C:\Users\jl82323\AppData\Local\Programs\MiKTeX\tex/generic/pdfescape\pdfescape
.sty
Package: pdfescape 2019/12/09 v1.15 Implements pdfTeX's escape features (HO)

(C:\Users\jl82323\AppData\Local\Programs\MiKTeX\tex/generic/ltxcmds\ltxcmds.sty
Package: ltxcmds 2023-12-04 v1.26 LaTeX kernel commands for general use (HO)
)
(C:\Users\jl82323\AppData\Local\Programs\MiKTeX\tex/generic/pdftexcmds\pdftexcm
ds.sty
Package: pdftexcmds 2020-06-27 v0.33 Utility functions of pdfTeX for LuaTeX (HO
)

(C:\Users\jl82323\AppData\Local\Programs\MiKTeX\tex/generic/infwarerr\infwarerr
.sty
Package: infwarerr 2019/12/03 v1.5 Providing info/warning/error messages (HO)
)
Package pdftexcmds Info: \pdf@primitive is available.
Package pdftexcmds Info: \pdf@ifprimitive is available.
Package pdftexcmds Info: \pdfdraftmode found.
))
(C:\Users\jl82323\AppData\Local\Programs\MiKTeX\tex/latex/hycolor\hycolor.sty
Package: hycolor 2020-01-27 v1.10 Color options for hyperref/bookmark (HO)
)
(C:\Users\jl82323\AppData\Local\Programs\MiKTeX\tex/latex/hyperref\nameref.sty
Package: nameref 2025-06-21 v2.57 Cross-referencing by name of section

(C:\Users\jl82323\AppData\Local\Programs\MiKTeX\tex/latex/refcount\refcount.sty
Package: refcount 2019/12/15 v3.6 Data extraction from label references (HO)
)
(C:\Users\jl82323\AppData\Local\Programs\MiKTeX\tex/generic/gettitlestring\gett
itlestring.sty
Package: gettitlestring 2019/12/15 v1.6 Cleanup title references (HO)

(C:\Users\jl82323\AppData\Local\Programs\MiKTeX\tex/latex/kvoptions\kvoptions.s
ty
Package: kvoptions 2022-06-15 v3.15 Key value format for package options (HO)
))
\c@section@level=\count302
)
(C:\Users\jl82323\AppData\Local\Programs\MiKTeX\tex/latex/etoolbox\etoolbox.sty
Package: etoolbox 2025/10/02 v2.5m e-TeX tools for LaTeX (JAW)
\etb@tempcnta=\count303
)
(C:\Users\jl82323\AppData\Local\Programs\MiKTeX\tex/generic/stringenc\stringenc
.sty
Package: stringenc 2019/11/29 v1.12 Convert strings between diff. encodings (HO
)
)
\@linkdim=\dimen181
\Hy@linkcounter=\count304
\Hy@pagecounter=\count305

(C:\Users\jl82323\AppData\Local\Programs\MiKTeX\tex/latex/hyperref\pd1enc.def
File: pd1enc.def 2025-07-12 v7.01o Hyperref: PDFDocEncoding definition (HO)
Now handling font encoding PD1 ...
... no UTF-8 mapping file for font encoding PD1
)
(C:\Users\jl82323\AppData\Local\Programs\MiKTeX\tex/generic/intcalc\intcalc.sty
Package: intcalc 2019/12/15 v1.3 Expandable calculations with integers (HO)
)
\Hy@SavedSpaceFactor=\count306
 (C:\Users\jl82323\AppData\Local\Programs\MiKTeX\tex/latex/hyperref\puenc.def
File: puenc.def 2025-07-12 v7.01o Hyperref: PDF Unicode definition (HO)
Now handling font encoding PU ...
... no UTF-8 mapping file for font encoding PU
)
Package hyperref Info: Hyper figures OFF on input line 4195.
Package hyperref Info: Link nesting OFF on input line 4200.
Package hyperref Info: Hyper index ON on input line 4203.
Package hyperref Info: Plain pages OFF on input line 4210.
Package hyperref Info: Backreferencing OFF on input line 4215.
Package hyperref Info: Implicit mode ON; LaTeX internals redefined.
Package hyperref Info: Bookmarks ON on input line 4462.
\c@Hy@tempcnt=\count307
(C:\Users\jl82323\AppData\Local\Programs\MiKTeX\tex/latex/url\url.sty
\Urlmuskip=\muskip18
Package: url 2013/09/16  ver 3.4  Verb mode for urls, etc.
)
LaTeX Info: Redefining \url on input line 4801.
\XeTeXLinkMargin=\dimen182

(C:\Users\jl82323\AppData\Local\Programs\MiKTeX\tex/generic/bitset\bitset.sty
Package: bitset 2019/12/09 v1.3 Handle bit-vector datatype (HO)

(C:\Users\jl82323\AppData\Local\Programs\MiKTeX\tex/generic/bigintcalc\bigintca
lc.sty
Package: bigintcalc 2019/12/15 v1.5 Expandable calculations on big integers (HO
)
))
\Fld@menulength=\count308
\Field@Width=\dimen183
\Fld@charsize=\dimen184
Package hyperref Info: Hyper figures OFF on input line 6078.
Package hyperref Info: Link nesting OFF on input line 6083.
Package hyperref Info: Hyper index ON on input line 6086.
Package hyperref Info: backreferencing OFF on input line 6093.
Package hyperref Info: Link coloring OFF on input line 6098.
Package hyperref Info: Link coloring with OCG OFF on input line 6103.
Package hyperref Info: PDF/A mode OFF on input line 6108.
\Hy@abspage=\count309
\c@Item=\count310
\c@Hfootnote=\count311
)
Package hyperref Info: Driver (autodetected): hpdftex.

(C:\Users\jl82323\AppData\Local\Programs\MiKTeX\tex/latex/hyperref\hpdftex.def
File: hpdftex.def 2025-07-12 v7.01o Hyperref driver for pdfTeX
\Fld@listcount=\count312
\c@bookmark@seq@number=\count313

(C:\Users\jl82323\AppData\Local\Programs\MiKTeX\tex/latex/rerunfilecheck\rerunf
ilecheck.sty
Package: rerunfilecheck 2025-06-21 v1.11 Rerun checks for auxiliary files (HO)

(C:\Users\jl82323\AppData\Local\Programs\MiKTeX\tex/generic/uniquecounter\uniqu
ecounter.sty
Package: uniquecounter 2019/12/15 v1.4 Provide unlimited unique counter (HO)
)
Package uniquecounter Info: New unique counter `rerunfilecheck' on input line 2
84.
)
\Hy@SectionHShift=\skip56
)
(C:\Users\jl82323\AppData\Local\Programs\MiKTeX\tex/latex/tools\longtable.sty
Package: longtable 2025-10-13 v4.24 Multi-page Table package (DPC)
\LTleft=\skip57
\LTright=\skip58
\LTpre=\skip59
\LTpost=\skip60
\LTchunksize=\count314
\LTcapwidth=\dimen185
\LT@head=\box57
\LT@firsthead=\box58
\LT@foot=\box59
\LT@lastfoot=\box60
\LT@gbox=\box61
\LT@cols=\count315
\LT@rows=\count316
\c@LT@tables=\count317
\c@LT@chunks=\count318
\LT@p@ftn=\toks27
)
(C:\Users\jl82323\AppData\Local\Programs\MiKTeX\tex/latex/enumitem\enumitem.sty
Package: enumitem 2025/02/06 v3.11 Customized lists
\labelindent=\skip61
\enit@outerparindent=\dimen186
\enit@toks=\toks28
\enit@inbox=\box62
\enit@count@id=\count319
\enitdp@description=\count320
) (C:\Users\jl82323\AppData\Local\Programs\MiKTeX\tex/latex/xcolor\xcolor.sty
Package: xcolor 2024/09/29 v3.02 LaTeX color extensions (UK)

(C:\Users\jl82323\AppData\Local\Programs\MiKTeX\tex/latex/graphics-cfg\color.cf
g
File: color.cfg 2016/01/02 v1.6 sample color configuration
)
Package xcolor Info: Driver file: pdftex.def on input line 274.

(C:\Users\jl82323\AppData\Local\Programs\MiKTeX\tex/latex/graphics-def\pdftex.d
ef
File: pdftex.def 2025/09/29 v1.2d Graphics/color driver for pdftex
)
(C:\Users\jl82323\AppData\Local\Programs\MiKTeX\tex/latex/graphics\mathcolor.lt
x)
Package xcolor Info: Model `cmy' substituted by `cmy0' on input line 1349.
Package xcolor Info: Model `hsb' substituted by `rgb' on input line 1353.
Package xcolor Info: Model `RGB' extended on input line 1365.
Package xcolor Info: Model `HTML' substituted by `rgb' on input line 1367.
Package xcolor Info: Model `Hsb' substituted by `hsb' on input line 1368.
Package xcolor Info: Model `tHsb' substituted by `hsb' on input line 1369.
Package xcolor Info: Model `HSB' substituted by `hsb' on input line 1370.
Package xcolor Info: Model `Gray' substituted by `gray' on input line 1371.
Package xcolor Info: Model `wave' substituted by `hsb' on input line 1372.
)
(C:\Users\jl82323\AppData\Local\Programs\MiKTeX\tex/latex/l3backend\l3backend-p
dftex.def
File: l3backend-pdftex.def 2025-10-09 L3 backend support: PDF output (pdfTeX)
\l__color_backend_stack_int=\count321
) (physics_conventions_report.aux)
\openout1 = `physics_conventions_report.aux'.

LaTeX Font Info:    Checking defaults for OML/cmm/m/it on input line 18.
LaTeX Font Info:    ... okay on input line 18.
LaTeX Font Info:    Checking defaults for OMS/cmsy/m/n on input line 18.
LaTeX Font Info:    ... okay on input line 18.
LaTeX Font Info:    Checking defaults for OT1/cmr/m/n on input line 18.
LaTeX Font Info:    ... okay on input line 18.
LaTeX Font Info:    Checking defaults for T1/cmr/m/n on input line 18.
LaTeX Font Info:    ... okay on input line 18.
LaTeX Font Info:    Checking defaults for TS1/cmr/m/n on input line 18.
LaTeX Font Info:    ... okay on input line 18.
LaTeX Font Info:    Checking defaults for OMX/cmex/m/n on input line 18.
LaTeX Font Info:    ... okay on input line 18.
LaTeX Font Info:    Checking defaults for U/cmr/m/n on input line 18.
LaTeX Font Info:    ... okay on input line 18.
LaTeX Font Info:    Checking defaults for PD1/pdf/m/n on input line 18.
LaTeX Font Info:    ... okay on input line 18.
LaTeX Font Info:    Checking defaults for PU/pdf/m/n on input line 18.
LaTeX Font Info:    ... okay on input line 18.

*geometry* driver: auto-detecting
*geometry* detected driver: pdftex
*geometry* verbose mode - [ preamble ] result:
* driver: pdftex
* paper: <default>
* layout: <same size as paper>
* layoutoffset:(h,v)=(0.0pt,0.0pt)
* modes: 
* h-part:(L,W,R)=(72.26999pt, 469.75502pt, 72.26999pt)
* v-part:(T,H,B)=(72.26999pt, 650.43001pt, 72.26999pt)
* \paperwidth=614.295pt
* \paperheight=794.96999pt
* \textwidth=469.75502pt
* \textheight=650.43001pt
* \oddsidemargin=0.0pt
* \evensidemargin=0.0pt
* \topmargin=-37.0pt
* \headheight=12.0pt
* \headsep=25.0pt
* \topskip=11.0pt
* \footskip=30.0pt
* \marginparwidth=59.0pt
* \marginparsep=10.0pt
* \columnsep=10.0pt
* \skip\footins=10.0pt plus 4.0pt minus 2.0pt
* \hoffset=0.0pt
* \voffset=0.0pt
* \mag=1000
* \@twocolumnfalse
* \@twosidefalse
* \@mparswitchfalse
* \@reversemarginfalse
* (1in=72.27pt=25.4mm, 1cm=28.453pt)

Package hyperref Info: Link coloring OFF on input line 18.
(physics_conventions_report.out) (physics_conventions_report.out)
\@outlinefile=\write3
\openout3 = `physics_conventions_report.out'.


(C:\Users\jl82323\AppData\Local\Programs\MiKTeX\tex/context/base/mkii\supp-pdf.
mkii
[Loading MPS to PDF converter (version 2006.09.02).]
\scratchcounter=\count322
\scratchdimen=\dimen187
\scratchbox=\box63
\nofMPsegments=\count323
\nofMParguments=\count324
\everyMPshowfont=\toks29
\MPscratchCnt=\count325
\MPscratchDim=\dimen188
\MPnumerator=\count326
\makeMPintoPDFobject=\count327
\everyMPtoPDFconversion=\toks30
)
LaTeX Font Info:    Trying to load font information for U+msa on input line 20.

 (C:\Users\jl82323\AppData\Local\Programs\MiKTeX\tex/latex/amsfonts\umsa.fd
File: umsa.fd 2013/01/14 v3.01 AMS symbols A
)
LaTeX Font Info:    Trying to load font information for U+msb on input line 20.


(C:\Users\jl82323\AppData\Local\Programs\MiKTeX\tex/latex/amsfonts\umsb.fd
File: umsb.fd 2013/01/14 v3.01 AMS symbols B
)
Overfull \hbox (64.93633pt too wide) in paragraph at lines 49--55
[]\T1/cmr/m/n/10.95 Public wrap-pers should there-fore pre-fer the helper layer
 \T1/cmtt/m/n/10.95 drive_frequency_for_transition_frequency(...)\T1/cmr/m/n/10
.95 ,
 []


Overfull \hbox (53.22903pt too wide) in paragraph at lines 49--55
\T1/cmtt/m/n/10.95 transition_frequency_from_drive_frequency(...)\T1/cmr/m/n/10
.95 , \T1/cmtt/m/n/10.95 internal_carrier_from_drive_frequency(...)\T1/cmr/m/n/
10.95 ,
 []


Overfull \hbox (1.22287pt too wide) in paragraph at lines 55--59
[]\T1/cmr/m/n/10.95 The in-ten-tional ex-cep-tion is APIs that are al-ready for
-mu-lated in ef-fec-tive side-band or modulation-
 []

LaTeX Font Info:    Font shape `T1/cmtt/bx/n' in size <14.4> not available
(Font)              Font shape `T1/cmtt/m/n' tried instead on input line 61.
[1

{C:/Users/jl82323/AppData/Local/MiKTeX/fonts/map/pdftex/pdftex.map}]
Overfull \hbox (9.77147pt too wide) in paragraph at lines 83--87
\T1/cmr/m/n/10.95 Study code, work-flow code, paper-reproduction code, au-dits,
 and smoke tests re-main un-der \T1/cmtt/m/n/10.95 examples/\T1/cmr/m/n/10.95 .

 []


Overfull \hbox (103.65988pt too wide) in paragraph at lines 83--87
\T1/cmr/m/n/10.95 The experiment-facing cleanup note is kept in \T1/cmtt/m/n/10
.95 physics_and_conventions/experimental_protocol_alignment_note.md\T1/cmr/m/n/
10.95 . 
 []

[2] [3]
Overfull \hbox (20.91266pt too wide) in paragraph at lines 182--185
[]\T1/cmtt/m/n/10.95 cqed_sim/measurement/readout_chain.py\T1/cmr/m/n/10.95 : \
T1/cmtt/m/n/10.95 ReadoutResonator\T1/cmr/m/n/10.95 , \T1/cmtt/m/n/10.95 Purcel
lFilter\T1/cmr/m/n/10.95 , \T1/cmtt/m/n/10.95 AmplifierChain\T1/cmr/m/n/10.95 ,

 []


Overfull \hbox (54.83176pt too wide) in paragraph at lines 185--188
[]\T1/cmtt/m/n/10.95 cqed_sim/measurement/stochastic.py\T1/cmr/m/n/10.95 : \T1/
cmtt/m/n/10.95 ContinuousReadoutSpec\T1/cmr/m/n/10.95 , \T1/cmtt/m/n/10.95 simu
late_continuous_readout(...)\T1/cmr/m/n/10.95 ,
 []


Overfull \hbox (9.54776pt too wide) in paragraph at lines 190--192
[]\T1/cmtt/m/n/10.95 cqed_sim/sim/noise.py\T1/cmr/m/n/10.95 : reusable noise he
lpers such as \T1/cmtt/m/n/10.95 pure_dephasing_time_from_t1_t2(...)
 []


Overfull \hbox (58.36049pt too wide) in paragraph at lines 232--237
\T1/cmr/m/n/10.95 Direct tests: \T1/cmtt/m/n/10.95 tests/test_26_state_prep_and
_measurement.py\T1/cmr/m/n/10.95 , \T1/cmtt/m/n/10.95 tests/experiment/test_rea
dout_chain.py\T1/cmr/m/n/10.95 ,
 []

[4] [5]
Overfull \hbox (53.21002pt too wide) in paragraph at lines 292--298
\T1/cmr/m/n/10.95 drive-operator helpers such as \T1/cmtt/m/n/10.95 drive_coupl
ing_operators(...)\T1/cmr/m/n/10.95 , \T1/cmtt/m/n/10.95 transmon_transition_op
erators(...)\T1/cmr/m/n/10.95 ,
 []


Overfull \hbox (160.53874pt too wide) in paragraph at lines 325--333
[]\T1/cmr/m/n/10.95 Simulator-backed re-play through \T1/cmtt/m/n/10.95 evaluat
e_control_with_simulator(...) \T1/cmr/m/n/10.95 or \T1/cmtt/m/n/10.95 ControlRe
sult.evaluate_with_simulator(...)
 []


Overfull \hbox (47.04375pt too wide) in paragraph at lines 339--344
\T1/cmr/m/n/10.95 Direct tests: \T1/cmtt/m/n/10.95 tests/test_40_optimal_contro
l_grape.py\T1/cmr/m/n/10.95 , \T1/cmtt/m/n/10.95 tests/test_41_optimal_control_
followup.py\T1/cmr/m/n/10.95 ,
 []


Overfull \hbox (38.21179pt too wide) in paragraph at lines 346--352
\T1/cmr/m/n/10.95 The strong-readout stack in \T1/cmtt/m/n/10.95 cqed_sim/model
s\T1/cmr/m/n/10.95 , \T1/cmtt/m/n/10.95 cqed_sim/solvers\T1/cmr/m/n/10.95 , \T1
/cmtt/m/n/10.95 cqed_sim/readout\T1/cmr/m/n/10.95 , \T1/cmtt/m/n/10.95 cqed_sim
/metrics\T1/cmr/m/n/10.95 ,
 []

[6] [7] [8]
Overfull \hbox (4.73428pt too wide) in paragraph at lines 490--494
\T1/cmr/m/n/10.95 The readout-emptying helpers in \T1/cmtt/m/n/10.95 cqed_sim/o
ptimal_control/readout_emptying.py \T1/cmr/m/n/10.95 reuse the same
 []


Overfull \hbox (84.69008pt too wide) in paragraph at lines 545--548
[]\T1/cmr/bx/n/10.95 Model C: \T1/cmr/m/n/10.95 the ex-ist-ing dis-per-sive Lin
d-blad run-time, typ-i-cally through \T1/cmtt/m/n/10.95 DispersiveReadoutTransm
onStorageModel
 []

[9]
Overfull \hbox (2.55687pt too wide) in paragraph at lines 565--574
\T1/cmr/m/n/10.95 clones the con-fig-ured \T1/cmtt/m/n/10.95 ReadoutChain \T1/c
mr/m/n/10.95 and chooses the am-pli-fier noise tem-per-a-ture so that the match
ed-
 []


Overfull \hbox (68.62491pt too wide) in paragraph at lines 584--593
\T1/cmr/m/n/10.95 Pulse-dependent dis-tur-bance is in-stead sum-ma-rized throug
h the ex-ist-ing \T1/cmtt/m/n/10.95 cqed_sim.measurement.strong_readout
 []


Overfull \hbox (24.41026pt too wide) in paragraph at lines 604--609
\T1/cmr/m/n/10.95 Direct tests: \T1/cmtt/m/n/10.95 tests/experiment/test_readou
t_chain.py\T1/cmr/m/n/10.95 , \T1/cmtt/m/n/10.95 tests/test_readout_emptying_li
near.py\T1/cmr/m/n/10.95 ,
 []


Overfull \hbox (8.60536pt too wide) in paragraph at lines 604--609
\T1/cmtt/m/n/10.95 tests/test_readout_emptying_kerr.py\T1/cmr/m/n/10.95 , \T1/c
mtt/m/n/10.95 tests/test_readout_emptying_export_and_replay.py\T1/cmr/m/n/10.95
 . 
 []


Overfull \hbox (11.49777pt too wide) in paragraph at lines 611--615
\T1/cmr/m/n/10.95 The se-quen-tial storage-reset work-flow lives in \T1/cmtt/m/
n/10.95 examples/workflows/sequential_sideband_reset.py\T1/cmr/m/n/10.95 .
 []

[10]
Overfull \hbox (16.07909pt too wide) in paragraph at lines 641--643
[]\T1/cmr/m/n/10.95 The di-ag-o-nal-ized op-er-a-tor is ex-actly \T1/cmtt/m/n/1
0.95 model.static_hamiltonian(frame) \T1/cmr/m/n/10.95 for the cho-sen \T1/cmtt
/m/n/10.95 FrameSpec\T1/cmr/m/n/10.95 . 
 []

[11]
Overfull \hbox (50.01845pt too wide) in paragraph at lines 700--704
[]\T1/cmr/m/n/10.95 This or-der-ing is im-ple-mented in \T1/cmtt/m/n/10.95 cqed
_sim/core/conventions.py \T1/cmr/m/n/10.95 and \T1/cmtt/m/n/10.95 cqed_sim/core
/readout_model.py\T1/cmr/m/n/10.95 ,
 []


Overfull \hbox (8.41672pt too wide) in paragraph at lines 716--719
[]\T1/cmtt/m/n/10.95 DispersiveTransmonCavityModel \T1/cmr/m/n/10.95 and \T1/cm
tt/m/n/10.95 DispersiveReadoutTransmonStorageModel \T1/cmr/m/n/10.95 pre-serve 
their
 []


Overfull \hbox (24.41026pt too wide) in paragraph at lines 730--735
\T1/cmr/m/n/10.95 Direct tests: \T1/cmtt/m/n/10.95 tests/test_25_tensor_product
_convention.py\T1/cmr/m/n/10.95 , \T1/cmtt/m/n/10.95 tests/test_27_three_mode_m
odel.py\T1/cmr/m/n/10.95 ,
 []

[12]
Overfull \hbox (2.55817pt too wide) in paragraph at lines 775--778
\T1/cmr/m/n/10.95 The reusable holo-graphic al-go-rithms pack-age in \T1/cmtt/m
/n/10.95 cqed_sim/quantum_algorithms/holographic_sim/
 []


Overfull \hbox (10.17865pt too wide) in paragraph at lines 807--815
\T1/cmr/m/n/10.95 physical-input con-ven-tion $\OMS/cmsy/m/n/10.95 j\OT1/cmr/m/
n/10.95 0\OMS/cmsy/m/n/10.95 i[]$\T1/cmr/m/n/10.95 , so it is con-sis-tent with
 \T1/cmtt/m/n/10.95 HolographicChannel.from_unitary(...)
 []

[13]
Overfull \hbox (6.7957pt too wide) in paragraph at lines 846--851
\T1/cmr/m/n/10.95 The pack-age also sup-ports op-tional bond-only noise be-twee
n holo-graphic steps via \T1/cmtt/m/n/10.95 BondNoiseChannel\T1/cmr/m/n/10.95 .

 []


Overfull \hbox (25.34155pt too wide) in paragraph at lines 864--868
\T1/cmr/m/n/10.95 When \T1/cmtt/m/n/10.95 BondNoiseChannel.amplitude_damping(..
.) \T1/cmr/m/n/10.95 is used, the repos-i-tory con-ven-tion is computational-
 []

[14]
Overfull \hbox (92.31071pt too wide) in paragraph at lines 952--958
\T1/cmr/m/n/10.95 Direct tests: \T1/cmtt/m/n/10.95 tests/test_16_ideal_primitiv
es_and_extractors.py\T1/cmr/m/n/10.95 , \T1/cmtt/m/n/10.95 tests/test_20_gaussi
an_iq_convention.py\T1/cmr/m/n/10.95 ,
 []

[15] [16]
Overfull \hbox (75.82185pt too wide) in paragraph at lines 1113--1118
\T1/cmr/m/n/10.95 The com-pat-i-bil-ity fields \T1/cmtt/m/n/10.95 synthesis_chi
 \T1/cmr/m/n/10.95 and \T1/cmtt/m/n/10.95 synthesis_chi_2 \T1/cmr/m/n/10.95 in 
\T1/cmtt/m/n/10.95 cqed_sim/analysis/parameter_translation.py
 []


Overfull \hbox (10.07886pt too wide) in paragraph at lines 1120--1125
\T1/cmr/m/n/10.95 The ex-am-ple work-flow in \T1/cmtt/m/n/10.95 examples/workfl
ows/kerr_free_evolution.py \T1/cmr/m/n/10.95 builds a two-mode storage--
 []


Overfull \hbox (6.82475pt too wide) detected at line 1152
[] \OT1/cmr/m/n/10.95 = []\OML/cmm/m/it/10.95 b[]b[] \OT1/cmr/m/n/10.95 + []\OM
L/cmm/m/it/10.95 n[]\OT1/cmr/m/n/10.95 (\OML/cmm/m/it/10.95 n[] \OMS/cmsy/m/n/1
0.95 ^^@ \OT1/cmr/m/n/10.95 1) + []\OML/cmm/m/it/10.95 n[]\OT1/cmr/m/n/10.95 (\
OML/cmm/m/it/10.95 n[] \OMS/cmsy/m/n/10.95 ^^@ \OT1/cmr/m/n/10.95 1)(\OML/cmm/m
/it/10.95 n[] \OMS/cmsy/m/n/10.95 ^^@ \OT1/cmr/m/n/10.95 2) + [] \OML/cmm/m/it/
10.95 n[]:
 []

[17]
Overfull \hbox (10.4187pt too wide) in alignment at lines 1222--1226
 [] [] [] [] 
 []


Overfull \hbox (10.4187pt too wide) in alignment at lines 1226--1230
 [] [] [] [] 
 []


Underfull \hbox (badness 3930) in paragraph at lines 1231--1232
[]|\T1/cmr/m/n/10 negative val-ues lower
 []


Underfull \hbox (badness 10000) in paragraph at lines 1232--1232
[]|\T1/cmr/m/n/10 second-order pull, ex-
 []


Underfull \hbox (badness 10000) in paragraph at lines 1232--1233
[]|\T1/cmr/m/n/10 falling-factorial co-ef-fi-
 []


Underfull \hbox (badness 10000) in paragraph at lines 1233--1234
[]|\T1/cmr/m/n/10 falling-factorial co-ef-fi-
 []


Underfull \hbox (badness 2237) in paragraph at lines 1234--1234
\T1/cmr/m/n/10 sive pull in the three-
 []


Underfull \hbox (badness 3930) in paragraph at lines 1234--1235
[]|\T1/cmr/m/n/10 negative val-ues lower
 []


Underfull \hbox (badness 2237) in paragraph at lines 1235--1235
\T1/cmr/m/n/10 sive pull in the three-
 []


Underfull \hbox (badness 3930) in paragraph at lines 1235--1236
[]|\T1/cmr/m/n/10 negative val-ues lower
 []


Underfull \hbox (badness 10000) in paragraph at lines 1236--1236
[]|\T1/cmr/m/n/10 storage--readout cross-
 []


Underfull \hbox (badness 10000) in paragraph at lines 1236--1237
[]|\T1/cmr/m/n/10 positive val-ues raise
 []


Underfull \hbox (badness 10000) in paragraph at lines 1236--1237
\T1/cmr/m/n/10 both bosonic mode
 []


Underfull \hbox (badness 10000) in paragraph at lines 1236--1237
\T1/cmr/m/n/10 fre-quen-cies with oc-
 []


Underfull \hbox (badness 1668) in paragraph at lines 1236--1237
\T1/cmr/m/n/10 cu-pancy of the other
 []


Underfull \hbox (badness 10000) in paragraph at lines 1237--1237
[]|\T1/cmr/m/n/10 two-mode stor-age self-
 []


Underfull \hbox (badness 2626) in paragraph at lines 1238--1239
[]|\T1/cmr/m/n/10 falling-factorial hi-er-ar-
 []


Underfull \hbox (badness 1466) in paragraph at lines 1239--1239
[]|\T1/cmr/m/n/10 three-mode stor-age self-
 []


Underfull \hbox (badness 10000) in paragraph at lines 1243--1244
\T1/cmr/m/n/10 tor/number no-ta-tion
 []


Underfull \hbox (badness 10000) in paragraph at lines 1244--1245
[]|\T1/cmr/m/n/10 only de-fined af-ter
 []


Overfull \hbox (10.4187pt too wide) in alignment at lines 1230--1248
 [] [] [] [] 
 []

ignored error: Infinite glue shrinkage found in box being split [18] [19]
Overfull \hbox (177.2174pt too wide) in paragraph at lines 1282--1288
\T1/cmr/m/n/10.95 Direct tests: \T1/cmtt/m/n/10.95 tests/test_05_detuning_and_f
rames.py\T1/cmr/m/n/10.95 , \T1/cmtt/m/n/10.95 tests/test_10_chi_convention.py\
T1/cmr/m/n/10.95 , \T1/cmtt/m/n/10.95 tests/test_13_hardware_extended.py\T1/cmr
/m/n/10.95 ,
 []


Overfull \hbox (80.99397pt too wide) in paragraph at lines 1307--1312
\T1/cmr/m/n/10.95 Direct tests: \T1/cmtt/m/n/10.95 tests/analysis/test_paramete
r_translation.py\T1/cmr/m/n/10.95 , \T1/cmtt/m/n/10.95 tests/calibration_target
s/test_targets.py\T1/cmr/m/n/10.95 ,
 []


Overfull \hbox (23.1712pt too wide) in paragraph at lines 1333--1338
\T1/cmr/m/n/10.95 model in-stead ex-poses \T1/cmtt/m/n/10.95 qubit_transition_f
requency(...)\T1/cmr/m/n/10.95 , \T1/cmtt/m/n/10.95 storage_transition_frequenc
y(...)\T1/cmr/m/n/10.95 ,
 []


Overfull \hbox (75.3356pt too wide) in paragraph at lines 1340--1345
\T1/cmr/m/n/10.95 Direct tests: \T1/cmtt/m/n/10.95 tests/test_05_detuning_and_f
rames.py\T1/cmr/m/n/10.95 , \T1/cmtt/m/n/10.95 tests/test_21_qubox_convention_r
econciliation.py\T1/cmr/m/n/10.95 ,
 []

[20]
Overfull \hbox (84.0393pt too wide) in paragraph at lines 1363--1366
\T1/cmr/m/n/10.95 The pub-lic helpers \T1/cmtt/m/n/10.95 carrier_for_transition
_frequency(...) \T1/cmr/m/n/10.95 and \T1/cmtt/m/n/10.95 transition_frequency_f
rom_carrier(...)
 []


Overfull \hbox (127.4316pt too wide) in paragraph at lines 1373--1381
\T1/cmr/m/n/10.95 The helpers \T1/cmtt/m/n/10.95 drive_frequency_for_transition
_frequency(...)\T1/cmr/m/n/10.95 , \T1/cmtt/m/n/10.95 transition_frequency_from
_drive_frequency(...)\T1/cmr/m/n/10.95 ,
 []


Overfull \hbox (47.53178pt too wide) in paragraph at lines 1373--1381
\T1/cmtt/m/n/10.95 internal_carrier_from_drive_frequency(...)\T1/cmr/m/n/10.95 
, and \T1/cmtt/m/n/10.95 drive_frequency_from_internal_carrier(...)
 []


Overfull \hbox (37.86917pt too wide) in paragraph at lines 1407--1416
\T1/cmr/m/n/10.95 code should pre-fer the positive-frequency helper layer \T1/c
mtt/m/n/10.95 drive_frequency_for_transition_frequency(...)\T1/cmr/m/n/10.95 ,
 []


Overfull \hbox (36.89722pt too wide) in paragraph at lines 1407--1416
\T1/cmtt/m/n/10.95 transition_frequency_from_drive_frequency(...)\T1/cmr/m/n/10
.95 , \T1/cmtt/m/n/10.95 internal_carrier_from_drive_frequency(...)\T1/cmr/m/n/
10.95 ,
 []


Overfull \hbox (103.62746pt too wide) in paragraph at lines 1417--1423
\T1/cmr/m/n/10.95 Direct tests: \T1/cmtt/m/n/10.95 tests/test_20_gaussian_iq_co
nvention.py\T1/cmr/m/n/10.95 , \T1/cmtt/m/n/10.95 tests/test_23_sqr_additive_am
plitude_correction.py\T1/cmr/m/n/10.95 ,
 []


Overfull \hbox (48.21396pt too wide) in paragraph at lines 1417--1423
\T1/cmtt/m/n/10.95 tests/test_28_three_mode_drives_and_noise.py\T1/cmr/m/n/10.9
5 , \T1/cmtt/m/n/10.95 tests/test_31_multilevel_sideband_extension.py\T1/cmr/m/
n/10.95 . 
 []

[21]
Overfull \hbox (48.289pt too wide) in paragraph at lines 1464--1469
\T1/cmr/m/n/10.95 The reusable side-band path added in \T1/cmtt/m/n/10.95 cqed_
sim/core/drive_targets.py \T1/cmr/m/n/10.95 and \T1/cmtt/m/n/10.95 cqed_sim/pul
ses/builders.py
 []


Overfull \hbox (1.4253pt too wide) in paragraph at lines 1488--1492
\T1/cmr/m/n/10.95 The paper-comparison note-book \T1/cmtt/m/n/10.95 test_agains
t_papers/prl115_137002_bosonic_controls.ipynb
 []

[22]
Overfull \hbox (33.81844pt too wide) in paragraph at lines 1504--1509
[]\T1/cmtt/m/n/10.95 NoiseSpec \T1/cmr/m/n/10.95 in \T1/cmtt/m/n/10.95 cqed_sim
/sim/noise.py \T1/cmr/m/n/10.95 sup-ports \T1/cmtt/m/n/10.95 t1\T1/cmr/m/n/10.9
5 , \T1/cmtt/m/n/10.95 transmon_t1\T1/cmr/m/n/10.95 , \T1/cmtt/m/n/10.95 tphi\T
1/cmr/m/n/10.95 , \T1/cmtt/m/n/10.95 tphi_storage\T1/cmr/m/n/10.95 , \T1/cmtt/m
/n/10.95 tphi_readout\T1/cmr/m/n/10.95 ,
 []


Overfull \hbox (211.16763pt too wide) in paragraph at lines 1545--1551
\T1/cmr/m/n/10.95 Direct tests: \T1/cmtt/m/n/10.95 tests/test_14_dissipation.py
\T1/cmr/m/n/10.95 , \T1/cmtt/m/n/10.95 tests/test_18_noise_and_sideband.py\T1/c
mr/m/n/10.95 , \T1/cmtt/m/n/10.95 tests/test_28_three_mode_drives_and_noise.py\
T1/cmr/m/n/10.95 ,
 []

[23] [24]
Overfull \hbox (16.13396pt too wide) in paragraph at lines 1645--1652
[]\T1/cmr/m/n/10.95 Residual-photon Lind-blad Ram-sey helpers reuse \T1/cmtt/m/
n/10.95 UniversalCQEDModel\T1/cmr/m/n/10.95 , \T1/cmtt/m/n/10.95 NoiseSpec\T1/c
mr/m/n/10.95 , QuTiP \T1/cmtt/m/n/10.95 mesolve\T1/cmr/m/n/10.95 ,
 []


Overfull \hbox (58.36049pt too wide) in paragraph at lines 1672--1676
\T1/cmr/m/n/10.95 Direct tests: \T1/cmtt/m/n/10.95 tests/test_64_microwave_ther
mal_noise.py\T1/cmr/m/n/10.95 , \T1/cmtt/m/n/10.95 tests/test_69_residual_therm
al_photons.py\T1/cmr/m/n/10.95 . 
 []

[25]
Overfull \hbox (18.75189pt too wide) in paragraph at lines 1697--1704
\T1/cmr/m/n/10.95 Direct tests: \T1/cmtt/m/n/10.95 tests/test_16_ideal_primitiv
es_and_extractors.py\T1/cmr/m/n/10.95 , \T1/cmtt/m/n/10.95 tests/test_19_fock_t
omo.py\T1/cmr/m/n/10.95 ,
 []


Overfull \hbox (223.65459pt too wide) in paragraph at lines 1697--1704
\T1/cmtt/m/n/10.95 tests/test_26_state_prep_and_measurement.py\T1/cmr/m/n/10.95
 , \T1/cmtt/m/n/10.95 tests/test_27_three_mode_model.py\T1/cmr/m/n/10.95 , \T1/
cmtt/m/n/10.95 tests/test_28_three_mode_drives_and_noise.py\T1/cmr/m/n/10.95 . 

 []


Overfull \hbox (4.67996pt too wide) in paragraph at lines 1719--1721
[]\T1/cmr/m/n/10.95 SQR an-gle ar-rays are still padded to the stor-age di-men-
sion in \T1/cmtt/m/n/10.95 cqed_sim/pulses/calibration.py\T1/cmr/m/n/10.95 . 
 []


Overfull \hbox (80.99397pt too wide) in paragraph at lines 1726--1733
\T1/cmr/m/n/10.95 Direct tests: \T1/cmtt/m/n/10.95 tests/test_11_model_invarian
ts.py\T1/cmr/m/n/10.95 , \T1/cmtt/m/n/10.95 tests/test_24_displacement_selectiv
e_spectroscopy.py\T1/cmr/m/n/10.95 ,
 []


Overfull \hbox (201.0211pt too wide) in paragraph at lines 1726--1733
\T1/cmtt/m/n/10.95 tests/test_26_state_prep_and_measurement.py\T1/cmr/m/n/10.95
 , \T1/cmtt/m/n/10.95 tests/test_27_three_mode_model.py\T1/cmr/m/n/10.95 , \T1/
cmtt/m/n/10.95 tests/unitary_synthesis/test_subspace.py\T1/cmr/m/n/10.95 . 
 []


Overfull \hbox (7.81583pt too wide) in alignment at lines 1736--1740
 [] [] [] 
 []


Overfull \hbox (7.81583pt too wide) in alignment at lines 1740--1744
 [] [] [] 
 []


Overfull \hbox (27.03105pt too wide) in paragraph at lines 1745--1745
[]|\T1/cmtt/m/n/10 tests/test_01_sanity_and_free.py| 
 []


Overfull \hbox (58.52336pt too wide) in paragraph at lines 1746--1746
[]|\T1/cmtt/m/n/10 tests/test_02_cavity_drive_and_kerr.py| 
 []


Overfull \hbox (58.52336pt too wide) in paragraph at lines 1747--1747
[]|\T1/cmtt/m/n/10 tests/test_03_dispersive_and_ramsey.py| 
 []


Overfull \hbox (53.27464pt too wide) in paragraph at lines 1748--1748
[]|\T1/cmtt/m/n/10 tests/test_04_xy_phase_and_overlap.py| 
 []


Overfull \hbox (48.02592pt too wide) in paragraph at lines 1749--1749
[]|\T1/cmtt/m/n/10 tests/test_05_detuning_and_frames.py| 
 []


Overfull \hbox (100.5131pt too wide) in paragraph at lines 1750--1750
[]|\T1/cmtt/m/n/10 tests/test_06_leakage_drag_and_higher_order.py| 
 []


Overfull \hbox (63.77208pt too wide) in paragraph at lines 1751--1751
[]|\T1/cmtt/m/n/10 tests/test_07_convergence_regression.py| 
 []


Overfull \hbox (58.52336pt too wide) in paragraph at lines 1752--1752
[]|\T1/cmtt/m/n/10 tests/test_08_timeline_and_hardware.py| 
 []


Overfull \hbox (21.78233pt too wide) in paragraph at lines 1753--1753
[]|\T1/cmtt/m/n/10 tests/test_09_runtime_policy.py| 
 []


Overfull \hbox (21.78233pt too wide) in paragraph at lines 1754--1754
[]|\T1/cmtt/m/n/10 tests/test_10_chi_convention.py| 
 []


Overfull \hbox (32.27977pt too wide) in paragraph at lines 1755--1755
[]|\T1/cmtt/m/n/10 tests/test_11_model_invariants.py| 
 []


Overfull \hbox (27.03105pt too wide) in paragraph at lines 1756--1756
[]|\T1/cmtt/m/n/10 tests/test_12_pulse_semantics.py| 
 []


Overfull \hbox (37.52849pt too wide) in paragraph at lines 1757--1757
[]|\T1/cmtt/m/n/10 tests/test_13_hardware_extended.py| 
 []


Overfull \hbox (6.03618pt too wide) in paragraph at lines 1758--1758
[]|\T1/cmtt/m/n/10 tests/test_14_dissipation.py| 
 []


Overfull \hbox (53.27464pt too wide) in paragraph at lines 1759--1759
[]|\T1/cmtt/m/n/10 tests/test_15_numerics_performance.py| 
 []


Overfull \hbox (111.01054pt too wide) in paragraph at lines 1760--1760
[]|\T1/cmtt/m/n/10 tests/test_16_ideal_primitives_and_extractors.py| 
 []


Overfull \hbox (74.26952pt too wide) in paragraph at lines 1761--1761
[]|\T1/cmtt/m/n/10 tests/test_17_gate_library_integration.py| 
 []


Overfull \hbox (42.7772pt too wide) in paragraph at lines 1762--1762
[]|\T1/cmtt/m/n/10 tests/test_18_noise_and_sideband.py| 
 []


Overfull \hbox (63.77208pt too wide) in paragraph at lines 1764--1764
[]|\T1/cmtt/m/n/10 tests/test_20_gaussian_iq_convention.py| 
 []


Overfull \hbox (111.01054pt too wide) in paragraph at lines 1765--1765
[]|\T1/cmtt/m/n/10 tests/test_21_qubox_convention_reconciliation.py| 
 []


Overfull \hbox (69.0208pt too wide) in paragraph at lines 1766--1766
[]|\T1/cmtt/m/n/10 tests/test_22_support_aware_objective.py| 
 []


Overfull \hbox (121.50798pt too wide) in paragraph at lines 1767--1767
[]|\T1/cmtt/m/n/10 tests/test_23_sqr_additive_amplitude_correction.py| 
 []


Overfull \hbox (132.00542pt too wide) in paragraph at lines 1768--1768
[]|\T1/cmtt/m/n/10 tests/test_24_displacement_selective_spectroscopy.py| 
 []


Overfull \hbox (79.51823pt too wide) in paragraph at lines 1769--1769
[]|\T1/cmtt/m/n/10 tests/test_25_tensor_product_convention.py| 
 []


Overfull \hbox (84.76695pt too wide) in paragraph at lines 1770--1770
[]|\T1/cmtt/m/n/10 tests/test_26_state_prep_and_measurement.py| 
 []


Overfull \hbox (32.27977pt too wide) in paragraph at lines 1771--1771
[]|\T1/cmtt/m/n/10 tests/test_27_three_mode_model.py| 
 []


Overfull \hbox (90.01567pt too wide) in paragraph at lines 1772--1772
[]|\T1/cmtt/m/n/10 tests/test_28_three_mode_drives_and_noise.py| 
 []


Overfull \hbox (21.78233pt too wide) in paragraph at lines 1773--1773
[]|\T1/cmtt/m/n/10 tests/analysis/test_spectrum.py| 
 []


Overfull \hbox (100.5131pt too wide) in paragraph at lines 1774--1774
[]|\T1/cmtt/m/n/10 tests/test_31_multilevel_sideband_extension.py| 
 []


Overfull \hbox (100.5131pt too wide) in paragraph at lines 1775--1775
[]|\T1/cmtt/m/n/10 tests/test_32_kerr_sign_notebook_regression.py| 
 []


Overfull \hbox (116.25926pt too wide) in paragraph at lines 1776--1776
[]|\T1/cmtt/m/n/10 tests/test_33_usage_examples_spectroscopy_sign.py| 
 []


Overfull \hbox (53.27464pt too wide) in paragraph at lines 1777--1777
[]|\T1/cmtt/m/n/10 tests/test_34_universal_cqed_model.py| 
 []


Overfull \hbox (74.26952pt too wide) in paragraph at lines 1778--1778
[]|\T1/cmtt/m/n/10 tests/test_35_tutorial_api_conventions.py| 
 []


Overfull \hbox (69.0208pt too wide) in paragraph at lines 1780--1780
[]|\T1/cmtt/m/n/10 tests/unitary_synthesis/test_subspace.py| 
 []


Overfull \hbox (63.77208pt too wide) in paragraph at lines 1781--1781
[]|\T1/cmtt/m/n/10 tests/unitary_synthesis/test_metrics.py| 
 []


Overfull \hbox (147.75157pt too wide) in paragraph at lines 1782--1782
[]|\T1/cmtt/m/n/10 tests/unitary_synthesis/test_primitives_and_backends.py| 
 []


Overfull \hbox (90.01567pt too wide) in paragraph at lines 1783--1783
[]|\T1/cmtt/m/n/10 tests/unitary_synthesis/test_optimization.py| 
 []


Overfull \hbox (137.25414pt too wide) in paragraph at lines 1784--1784
[]|\T1/cmtt/m/n/10 tests/unitary_synthesis/test_synthesis_and_targets.py| 
 []


Underfull \hbox (badness 10000) in paragraph at lines 1784--1785
[]|\T1/cmr/m/n/10 Passed
 []


Underfull \hbox (badness 10000) in paragraph at lines 1784--1785
\T1/cmr/m/n/10 op-tional
 []


Overfull \hbox (137.25414pt too wide) in paragraph at lines 1785--1785
[]|\T1/cmtt/m/n/10 tests/unitary_synthesis/test_free_evolve_condphase.py| 
 []


Overfull \hbox (142.50285pt too wide) in paragraph at lines 1786--1786
[]|\T1/cmtt/m/n/10 tests/unitary_synthesis/test_hardware_grid_parallel.py| 
 []


Overfull \hbox (121.50798pt too wide) in paragraph at lines 1787--1787
[]|\T1/cmtt/m/n/10 tests/unitary_synthesis/test_progress_reporting.py| 
 []


Overfull \hbox (158.24901pt too wide) in paragraph at lines 1788--1788
[]|\T1/cmtt/m/n/10 tests/unitary_synthesis/test_reporting_and_determinism.py| 
 []


Overfull \hbox (158.24901pt too wide) in paragraph at lines 1789--1789
[]|\T1/cmtt/m/n/10 tests/unitary_synthesis/test_time_policy_and_condphase.py| 
 []


Overfull \hbox (158.24901pt too wide) in paragraph at lines 1790--1790
[]|\T1/cmtt/m/n/10 examples/audits/tests/test_experiment_convention_audit.py| 
 []


Overfull \hbox (142.50285pt too wide) in paragraph at lines 1791--1791
[]|\T1/cmtt/m/n/10 examples/workflows/tests/test_sqr_transfer_artifact.py| 
 []


Overfull \hbox (116.25926pt too wide) in paragraph at lines 1792--1792
[]|\T1/cmtt/m/n/10 examples/studies/tests/test_snap_opt_converges.py| 
 []


Overfull \hbox (278.96953pt too wide) in paragraph at lines 1793--1793
[]|\T1/cmtt/m/n/10 examples/studies/tests/test_snap_opt_achieves_zero_coherent_
error_above_limit.py| 
 []


Overfull \hbox (179.24388pt too wide) in paragraph at lines 1794--1794
[]|\T1/cmtt/m/n/10 examples/studies/tests/test_snap_opt_generalization_sweeps.p
y| 
 []


Overfull \hbox (231.73106pt too wide) in paragraph at lines 1795--1795
[]|\T1/cmtt/m/n/10 examples/studies/tests/test_snap_opt_preserves_low_frequency
_content.py| 
 []


Overfull \hbox (205.48747pt too wide) in paragraph at lines 1796--1796
[]|\T1/cmtt/m/n/10 examples/paper_reproductions/tests/test_convergence_and_runt
ime.py| 
 []


Overfull \hbox (189.74132pt too wide) in paragraph at lines 1797--1797
[]|\T1/cmtt/m/n/10 examples/paper_reproductions/tests/test_no_extra_frequencies
.py| 
 []


Overfull \hbox (179.24388pt too wide) in paragraph at lines 1798--1798
[]|\T1/cmtt/m/n/10 examples/paper_reproductions/tests/test_optimization_limit.p
y| 
 []


Overfull \hbox (236.97978pt too wide) in paragraph at lines 1799--1799
[]|\T1/cmtt/m/n/10 examples/paper_reproductions/tests/test_prl133_components_co
nsistency.py| 
 []


Overfull \hbox (189.74132pt too wide) in paragraph at lines 1800--1800
[]|\T1/cmtt/m/n/10 examples/paper_reproductions/tests/test_prl133_metric_bounds
.py| 
 []


Overfull \hbox (200.23875pt too wide) in paragraph at lines 1801--1801
[]|\T1/cmtt/m/n/10 examples/paper_reproductions/tests/test_prl133_metric_relati
on.py| 
 []


Overfull \hbox (200.23875pt too wide) in paragraph at lines 1802--1802
[]|\T1/cmtt/m/n/10 examples/paper_reproductions/tests/test_prl133_unitarity_tra
ce.py| 
 []


Underfull \hbox (badness 10000) in paragraph at lines 1802--1802
[]|\T1/cmr/m/n/10 moved PRL-133 closed-system uni-tar-ity and trace-
 []


Overfull \hbox (179.24388pt too wide) in paragraph at lines 1803--1803
[]|\T1/cmtt/m/n/10 examples/paper_reproductions/tests/test_reproduce_baseline.p
y| 
 []


Overfull \hbox (74.26952pt too wide) in paragraph at lines 1804--1804
[]|\T1/cmtt/m/n/10 examples/smoke_tests/tests/test_sanity.py| 
 []


Overfull \hbox (121.50798pt too wide) in paragraph at lines 1805--1805
[]|\T1/cmtt/m/n/10 examples/smoke_tests/tests/test_sqr_calibration.py| 
 []


Underfull \hbox (badness 1769) in paragraph at lines 1805--1805
[]|\T1/cmr/m/n/10 moved SQR cal-i-bra-tion smoke and guarded-benchmark
 []


Overfull \hbox (163.49773pt too wide) in paragraph at lines 1806--1806
[]|\T1/cmtt/m/n/10 examples/smoke_tests/tests/test_sqr_speedlimit_analysis.py| 

 []


Overfull \hbox (7.81583pt too wide) in alignment at lines 1744--1808
 [] [] [] 
 []

[26]
ignored error: Infinite glue shrinkage found in box being split [27]
ignored error: Infinite glue shrinkage found in box being split [28]
Overfull \hbox (141.71916pt too wide) in paragraph at lines 1825--1827
[]\T1/cmr/m/n/10.95 The sin-gle skip is the op-tional ex-ter-nal MPS-reference 
check in \T1/cmtt/m/n/10.95 tests/unitary_synthesis/test_synthesis_and_targets.
py\T1/cmr/m/n/10.95 . 
 []


Overfull \hbox (24.11644pt too wide) in paragraph at lines 1827--1831
[]\T1/cmr/m/n/10.95 Warning-only notes: two \T1/cmtt/m/n/10.95 numpy.trapz \T1/
cmr/m/n/10.95 dep-re-ca-tion warn-ings in \T1/cmtt/m/n/10.95 tests/test_12_puls
e_semantics.py
 []


Overfull \hbox (1.7356pt too wide) in paragraph at lines 1827--1831
\T1/cmr/m/n/10.95 and \T1/cmtt/m/n/10.95 tests/test_20_gaussian_iq_convention.p
y\T1/cmr/m/n/10.95 , plus one QuTiP \T1/cmtt/m/n/10.95 sqrtm \T1/cmr/m/n/10.95 
singular-matrix warn-
 []

[29]
Overfull \hbox (20.44096pt too wide) in paragraph at lines 1872--1874
[]\T1/cmr/m/n/10.95 The readout-chain model is phys-i-cally mo-ti-vated, but it
 re-mains an ef-fec-tive res-onator/filter/amplifier
 []


Underfull \hbox (badness 10000) in paragraph at lines 1879--1882

 []


Underfull \hbox (badness 10000) in paragraph at lines 1883--1885

 []


Underfull \hbox (badness 10000) in paragraph at lines 1886--1888

 []


Overfull \hbox (3.0526pt too wide) in paragraph at lines 1889--1892
[]\T1/cmr/bx/n/10.95 Moderate: \T1/cmtt/m/n/10.95 EnergySpectrum.energies \T1/c
mr/m/n/10.95 are vacuum-referenced in the se-lected frame, so rotating-
 []


Underfull \hbox (badness 10000) in paragraph at lines 1889--1892

 []


Underfull \hbox (badness 10000) in paragraph at lines 1893--1895

 []


Underfull \hbox (badness 10000) in paragraph at lines 1896--1898

 []


Overfull \hbox (17.49908pt too wide) in paragraph at lines 1899--1902
[]\T1/cmr/bx/n/10.95 Low: \T1/cmtt/m/n/10.95 FrameSpec \T1/cmr/m/n/10.95 still 
stores the stor-age frame in the legacy field \T1/cmtt/m/n/10.95 omega_c_frame\
T1/cmr/m/n/10.95 ; the \T1/cmtt/m/n/10.95 omega_s_frame
 []


Underfull \hbox (badness 10000) in paragraph at lines 1899--1902

 []

[30]
LaTeX Font Info:    Font shape `T1/cmtt/bx/n' in size <12> not available
(Font)              Font shape `T1/cmtt/m/n' tried instead on input line 1954.
 [31]
Overfull \hbox (0.49803pt too wide) in paragraph at lines 1979--1979
[]\T1/cmr/bx/n/12 Multilevel Trans-mon Transition-Selective Gates (\T1/cmtt/m/n
/12 cqed_sim.gates.transmon\T1/cmr/bx/n/12 ) 
 []

[32]
LaTeX Font Info:    Font shape `T1/cmtt/bx/n' in size <10.95> not available
(Font)              Font shape `T1/cmtt/m/n' tried instead on input line 2078.
 [33]
Overfull \hbox (0.67915pt too wide) in paragraph at lines 2130--2132
 []\T1/cmr/bx/n/10.95 Number-selective qubit ro-ta-tion (SQR).[] \T1/cmtt/m/n/1
0.95 sqr \T1/cmr/m/n/10.95 and \T1/cmtt/m/n/10.95 multi_sqr \T1/cmr/m/n/10.95 u
se \T1/cmr/bx/n/10.95 qubit-first, cavity-second
 []


Overfull \hbox (11.7569pt too wide) in paragraph at lines 2145--2147
 []\T1/cmr/bx/n/10.95 Jaynes--Cummings and blue-sideband gates.[] \T1/cmr/m/n/1
0.95 Qubit first, cav-ity sec-ond. These are \T1/cmr/m/it/10.95 Hamiltonian-
 []

[34] [35] (physics_conventions_report.aux)
 ***********
LaTeX2e <2025-11-01>
L3 programming layer <2025-12-24>
 ***********
Package rerunfilecheck Info: File `physics_conventions_report.out' has not chan
ged.
(rerunfilecheck)             Checksum: 49A35F8C083803EE12B48B27C5B37D31;8036.
 ) 
Here is how much of TeX's memory you used:
 11239 strings out of 467871
 170169 string characters out of 5417408
 633915 words of memory out of 5000000
 39864 multiletter control sequences out of 15000+600000
 650547 words of font info for 101 fonts, out of 8000000 for 9000
 1141 hyphenation exceptions out of 8191
 75i,11n,79p,510b,583s stack positions out of 10000i,1000n,20000p,200000b,200000s
 <C:\Users\jl82323\AppData\Local\MiKTeX\fonts/pk/ljfour/jknappen/ec/dpi600\ec
rm0600.pk> <C:\Users\jl82323\AppData\Local\MiKTeX\fonts/pk/ljfour/jknappen/ec/d
pi600\ectt1200.pk> <C:\Users\jl82323\AppData\Local\MiKTeX\fonts/pk/ljfour/jknap
pen/ec/dpi600\ectt0800.pk> <C:\Users\jl82323\AppData\Local\MiKTeX\fonts/pk/ljfo
ur/jknappen/ec/dpi600\ectt1000.pk> <C:\Users\jl82323\AppData\Local\MiKTeX\fonts
/pk/ljfour/jknappen/ec/dpi600\ecrm1000.pk> <C:\Users\jl82323\AppData\Local\MiKT
eX\fonts/pk/ljfour/jknappen/ec/dpi600\ecrm0800.pk> <C:\Users\jl82323\AppData\Lo
cal\MiKTeX\fonts/pk/ljfour/jknappen/ec/dpi600\ecbx1200.pk> <C:\Users\jl82323\Ap
pData\Local\MiKTeX\fonts/pk/ljfour/jknappen/ec/dpi600\ecti1095.pk> <C:\Users\jl
82323\AppData\Local\MiKTeX\fonts/pk/ljfour/jknappen/ec/dpi600\ecbx1095.pk> <C:\
Users\jl82323\AppData\Local\MiKTeX\fonts/pk/ljfour/jknappen/ec/dpi600\ectt1440.
pk> <C:\Users\jl82323\AppData\Local\MiKTeX\fonts/pk/ljfour/jknappen/ec/dpi600\t
crm1095.pk> <C:\Users\jl82323\AppData\Local\MiKTeX\fonts/pk/ljfour/jknappen/ec/
dpi600\ecbx1440.pk> <C:\Users\jl82323\AppData\Local\MiKTeX\fonts/pk/ljfour/jkna
ppen/ec/dpi600\ectt1095.pk> <C:\Users\jl82323\AppData\Local\MiKTeX\fonts/pk/ljf
our/jknappen/ec/dpi600\ecrm1095.pk> <C:\Users\jl82323\AppData\Local\MiKTeX\font
s/pk/ljfour/jknappen/ec/dpi600\ecrm1200.pk> <C:\Users\jl82323\AppData\Local\MiK
TeX\fonts/pk/ljfour/jknappen/ec/dpi600\ectt1728.pk> <C:\Users\jl82323\AppData\L
ocal\MiKTeX\fonts/pk/ljfour/jknappen/ec/dpi600\ecrm1728.pk><C:/Users/jl82323/Ap
pData/Local/Programs/MiKTeX/fonts/type1/public/amsfonts/cm/cmbx10.pfb><C:/Users
/jl82323/AppData/Local/Programs/MiKTeX/fonts/type1/public/amsfonts/cm/cmbx8.pfb
><C:/Users/jl82323/AppData/Local/Programs/MiKTeX/fonts/type1/public/amsfonts/cm
/cmex10.pfb><C:/Users/jl82323/AppData/Local/Programs/MiKTeX/fonts/type1/public/
amsfonts/cm/cmmi10.pfb><C:/Users/jl82323/AppData/Local/Programs/MiKTeX/fonts/ty
pe1/public/amsfonts/cm/cmmi6.pfb><C:/Users/jl82323/AppData/Local/Programs/MiKTe
X/fonts/type1/public/amsfonts/cm/cmmi7.pfb><C:/Users/jl82323/AppData/Local/Prog
rams/MiKTeX/fonts/type1/public/amsfonts/cm/cmmi8.pfb><C:/Users/jl82323/AppData/
Local/Programs/MiKTeX/fonts/type1/public/amsfonts/cm/cmr10.pfb><C:/Users/jl8232
3/AppData/Local/Programs/MiKTeX/fonts/type1/public/amsfonts/cm/cmr6.pfb><C:/Use
rs/jl82323/AppData/Local/Programs/MiKTeX/fonts/type1/public/amsfonts/cm/cmr7.pf
b><C:/Users/jl82323/AppData/Local/Programs/MiKTeX/fonts/type1/public/amsfonts/c
m/cmr8.pfb><C:/Users/jl82323/AppData/Local/Programs/MiKTeX/fonts/type1/public/a
msfonts/cm/cmsy10.pfb><C:/Users/jl82323/AppData/Local/Programs/MiKTeX/fonts/typ
e1/public/amsfonts/cm/cmsy7.pfb><C:/Users/jl82323/AppData/Local/Programs/MiKTeX
/fonts/type1/public/amsfonts/cm/cmsy8.pfb><C:/Users/jl82323/AppData/Local/Progr
ams/MiKTeX/fonts/type1/public/amsfonts/symbols/msbm10.pfb>
Output written on physics_conventions_report.pdf (35 pages, 522470 bytes).
PDF statistics:
 1085 PDF objects out of 1200 (max. 8388607)
 116 named destinations out of 1000 (max. 500000)
 297 words of extra memory for PDF output out of 10000 (max. 10000000)

